<?xml version="1.0" encoding="UTF-8"?>
<testng-results total="1" passed="1" failed="0" skipped="0">
  <reporter-output>
  </reporter-output>
  <suite started-at="2022-11-11T10:42:51Z" name="Default suite" finished-at="2022-11-11T10:43:27Z" duration-ms="36528">
    <groups>
    </groups>
    <test started-at="2022-11-11T10:42:51Z" name="Default test" finished-at="2022-11-11T10:43:27Z" duration-ms="36528">
      <class name="test.drag_drop">
        <test-method is-config="true" signature="beforetest()[pri:0, instance:test.drag_drop@1583741e]" started-at="2022-11-11T16:12:51Z" name="beforetest" finished-at="2022-11-11T16:13:22Z" duration-ms="30963" status="PASS">
          <reporter-output>
          </reporter-output>
        </test-method> <!-- beforetest -->
        <test-method signature="test()[pri:0, instance:test.drag_drop@1583741e]" started-at="2022-11-11T16:13:22Z" name="test" finished-at="2022-11-11T16:13:27Z" duration-ms="5326" status="PASS">
          <reporter-output>
          </reporter-output>
        </test-method> <!-- test -->
      </class> <!-- test.drag_drop -->
    </test> <!-- Default test -->
  </suite> <!-- Default suite -->
</testng-results>
