<?xml version="1.0" encoding="UTF-8"?>
<testng-results total="1" passed="1" failed="0" skipped="0">
  <reporter-output>
  </reporter-output>
  <suite started-at="2022-10-20T17:40:17Z" name="Surefire suite" finished-at="2022-10-20T17:41:37Z" duration-ms="80136">
    <groups>
    </groups>
    <test started-at="2022-10-20T17:40:17Z" name="Surefire test" finished-at="2022-10-20T17:41:37Z" duration-ms="80136">
      <class name="demo125.First_selenium_program">
        <test-method signature="jaws()[pri:0, instance:demo125.First_selenium_program@3e77a1ed]" started-at="2022-10-20T23:10:17Z" name="jaws" finished-at="2022-10-20T23:11:37Z" duration-ms="80112" status="PASS">
          <reporter-output>
          </reporter-output>
        </test-method> <!-- jaws -->
      </class> <!-- demo125.First_selenium_program -->
    </test> <!-- Surefire test -->
  </suite> <!-- Surefire suite -->
</testng-results>
